<?xml version="1.0" encoding="UTF-8"?>
<!-- Generated by org.testng.reporters.JUnitReportReporter -->
<testsuite hostname="LAPTOP-5KMFOFH9" failures="0" tests="3" name="com.SwagLab.Test.LoginPageTest" time="0.520" errors="0" timestamp="2022-12-14T14:31:23 IST" skipped="0">
  <testcase classname="com.SwagLab.Test.LoginPageTest" name="verifyCurrentUrl" time="0.021"/>
  <system-out/>
  <testcase classname="com.SwagLab.Test.LoginPageTest" name="verifyTitle" time="0.016"/>
  <system-out/>
  <testcase classname="com.SwagLab.Test.LoginPageTest" name="loginTest" time="0.483"/>
  <system-out/>
</testsuite> <!-- com.SwagLab.Test.LoginPageTest -->
