<?xml version="1.0" encoding="UTF-8"?>
<!-- Generated by org.testng.reporters.JUnitReportReporter -->
<testsuite hostname="LAPTOP-5KMFOFH9" failures="0" tests="3" name="com.SwagLab.Test.AddToCartPageTest" time="3.122" errors="0" timestamp="2022-12-15T14:10:35 IST" skipped="1">
  <testcase classname="com.SwagLab.Test.AddToCartPageTest" name="verifyCheckout" time="0.058"/>
  <system-out/>
  <testcase classname="com.SwagLab.Test.AddToCartPageTest" name="getApplication" time="3.064"/>
  <system-out/>
  <testcase classname="com.SwagLab.Test.AddToCartPageTest" name="verifyRemoveFunction">
    <skipped/>
  </testcase> <!-- verifyRemoveFunction -->
  <system-out/>
</testsuite> <!-- com.SwagLab.Test.AddToCartPageTest -->
