<?xml version="1.0" encoding="UTF-8"?>
<!-- Generated by org.testng.reporters.JUnitReportReporter -->
<testsuite hostname="LAPTOP-5KMFOFH9" failures="0" tests="1" name="com.SwagLab.Test.CheckOutPageTest" time="3.358" errors="0" timestamp="2022-12-15T14:23:25 IST" skipped="0">
  <testcase classname="com.SwagLab.Test.CheckOutPageTest" name="verifyCheckout" time="3.358"/>
  <system-out/>
</testsuite> <!-- com.SwagLab.Test.CheckOutPageTest -->
