<?xml version="1.0" encoding="UTF-8"?>
<!-- Generated by org.testng.reporters.JUnitReportReporter -->
<testsuite hostname="LAPTOP-5KMFOFH9" failures="0" tests="2" name="com.SwagLab.Test.OrderDescriptionPageTest" time="0.279" errors="0" timestamp="2022-12-16T14:27:47 IST" skipped="0">
  <testcase classname="com.SwagLab.Test.OrderDescriptionPageTest" name="verifyProductDetails" time="0.171"/>
  <system-out/>
  <testcase classname="com.SwagLab.Test.OrderDescriptionPageTest" name="orderComplete" time="0.108"/>
  <system-out/>
</testsuite> <!-- com.SwagLab.Test.OrderDescriptionPageTest -->
