<?xml version="1.0" encoding="UTF-8"?>
<!-- Generated by org.testng.reporters.JUnitReportReporter -->
<testsuite hostname="LAPTOP-5KMFOFH9" failures="0" tests="2" name="com.SwagLab.Test.ProductPageTest" time="0.344" errors="0" timestamp="2022-12-15T13:52:50 IST" skipped="0">
  <testcase classname="com.SwagLab.Test.ProductPageTest" name="verifyProductSelection" time="0.232"/>
  <system-out/>
  <testcase classname="com.SwagLab.Test.ProductPageTest" name="verifyProductCount" time="0.112"/>
  <system-out/>
</testsuite> <!-- com.SwagLab.Test.ProductPageTest -->
