<?xml version="1.0" encoding="UTF-8"?>
<!-- Generated by org.testng.reporters.JUnitReportReporter -->
<testsuite hostname="LAPTOP-5KMFOFH9" failures="0" tests="1" name="com.SwagLab.Test.GeneralTest" time="4.340" errors="0" timestamp="2022-12-14T13:59:14 IST" skipped="0">
  <testcase classname="com.SwagLab.Test.GeneralTest" name="swaglabTest" time="4.340"/>
  <system-out/>
</testsuite> <!-- com.SwagLab.Test.GeneralTest -->
